
{"type":"test"}
{"type":"test"}
{"type":"test"}
{"type":"test"}
{"type":"test"}
{"type":"test"}
{"type":"test"}
{"type":"test"}
{"type":"test"}
{"type":"test"}
{"type":"test"}
{"type":"test"}
{"type":"test"}
{"type":"test"}
{"type":"test"}
{"type":"test"}
{"type":"test"}
{"type":"test"}
{"type":"test"}
{"type":"test"}
{"type":"test"}
{"type":"test"}
{"type":"test"}
{"type":"test"}
{"type":"test"}
{"type":"test"}
{"type":"test"}
{"type":"test"}
{"type":"test"}
{"type":"test"}
{"type":"test"}
{"type":"test"}
{"type":"test"}
{"type":"test"}
{"type":"test"}
{"type":"test"}
{"type":"test"}
{"type":"test"}
{"type":"test"}
{"type":"test"}
{"type":"test"}
{"type":"test"}
{"type":"test"}
{"type":"test"}
{"type":"test"}
{"type":"test"}
{"type":"test"}
{"type":"test"}
{"type":"test"}
{"type":"test"}
{"type":"test"}
{"type":"test"}
{"type":"test"}
{"type":"test"}
{"type":"test"}
{"type":"test"}
{"type":"test"}
{"type":"test"}
{"type":"test"}
{"type":"pws","timestamp":1696482848117,"raw":{"id":"ardswc.gov.tw_debrisFlowLandSlide_20231005131002_F003","title":"土石流","sent":"2023-10-05CST13:12:00+08:00:00","expires":"2023-10-05CST14:10:00+08:00:00","sender":{"value":"農業部農村發展及水土保持署"},"status":"Actual","msgType":"Alert","eventCode":{"value":"debrisFlow"},"area":{"areaDesc":"高雄市桃源區","circle":"23.18835,120.78834 2.0"},"channel":{"value":"911"},"link":{"rel":"alternate","href":"https://cbs.tw/23103cb93f24"},"description":{"type":"html","$t":"[土石流及大規模崩塌警戒]高雄市桃源區勤和里(玉穗溪)1小時累積雨量已達10mm、3小時累積雨量已達21.5mm、24小時累積雨量已達70.5mm，請提高警覺，農業部關心您。[Warning]Large-scale landslide in this area. ARDSWC. TEL:0800_246_246"}},"md5":""}
{"type":"test"}
{"type":"test"}
{"type":"test"}
{"type":"test"}
{"type":"test"}
{"type":"test"}
{"type":"test"}
{"type":"test"}
{"type":"test"}
{"type":"test"}
{"type":"test"}
{"type":"test"}
{"type":"test"}
{"type":"test"}
{"type":"test"}
{"type":"test"}
{"type":"test"}
{"type":"test"}
{"type":"test"}
{"type":"test"}
{"type":"test"}
{"type":"test"}
{"type":"test"}
{"type":"test"}
{"type":"test"}
{"type":"test"}
{"type":"eew-cwb","time":1696495998000,"lon":122.12,"lat":24.09,"depth":10,"scale":4.9,"timestamp":1696496028508,"number":1,"id":"1120414","location":"臺灣東部海域","cancel":false,"md5":"","max":2,"alert":false}
{"type":"eew-nied","time":1696495994000,"lon":122.3,"lat":24.8,"depth":20,"scale":4.3,"timestamp":1696496030145,"number":1,"id":"20231005175328","location":"台湾付近","cancel":false,"final":false,"md5":""}
{"type":"eew-nied","time":1696495994000,"lon":122.3,"lat":24.8,"depth":20,"scale":4.3,"timestamp":1696496030232,"number":1,"id":"20231005175328","location":"台湾付近","cancel":false,"final":false,"md5":""}
{"type":"eew-jma","time":1696492394000,"lon":122.3,"lat":24.8,"depth":20,"scale":4.3,"timestamp":1696496030404,"number":1,"id":"20231005175328","location":"台湾付近","cancel":false,"final":false,"md5":""}
{"type":"eew-nied","time":1696495994000,"lon":122.3,"lat":24.8,"depth":20,"scale":4.3,"timestamp":1696496030408,"number":1,"id":"20231005175328","location":"台湾付近","cancel":false,"final":false,"md5":""}
{"type":"eew-nied","time":1696495994000,"lon":122.3,"lat":24.8,"depth":20,"scale":4.3,"timestamp":1696496030899,"number":1,"id":"20231005175328","location":"台湾付近","cancel":false,"final":false,"md5":""}
{"type":"eew-jma","time":1696492394000,"lon":122.3,"lat":24.8,"depth":20,"scale":4.3,"timestamp":1696496030904,"number":1,"id":"20231005175328","location":"台湾付近","cancel":false,"final":false,"md5":""}
{"type":"eew-jma","time":1696495994000,"lon":122.3,"lat":24.8,"depth":20,"scale":4.3,"timestamp":1696496031429,"number":1,"id":"20231005175328","location":"台湾付近","cancel":false,"final":false,"md5":""}
{"type":"eew-jma","time":1696492389000,"lon":121.8,"lat":24.6,"depth":20,"scale":4.7,"timestamp":1696496032902,"number":2,"id":"20231005175328","location":"台湾付近","cancel":false,"final":false,"md5":""}
{"type":"eew-jma","time":1696495989000,"lon":121.8,"lat":24.6,"depth":20,"scale":4.7,"timestamp":1696496033354,"number":2,"id":"20231005175328","location":"台湾付近","cancel":false,"final":false,"md5":""}
{"type":"eew-jma","time":1696492389000,"lon":121.8,"lat":24.6,"depth":20,"scale":4.7,"timestamp":1696496033406,"number":2,"id":"20231005175328","location":"台湾付近","cancel":false,"final":false,"md5":""}
{"type":"eew-nied","time":1696495989000,"lon":121.8,"lat":24.6,"depth":20,"scale":4.7,"timestamp":1696496034164,"number":2,"id":"20231005175328","location":"台湾付近","cancel":false,"final":false,"md5":""}
{"type":"eew-nied","time":1696495989000,"lon":121.8,"lat":24.6,"depth":20,"scale":4.7,"timestamp":1696496037203,"number":2,"id":"20231005175328","location":"台湾付近","cancel":false,"final":false,"md5":""}
{"type":"eew-jma","time":1696492389000,"lon":121.8,"lat":24.6,"depth":20,"scale":4.7,"timestamp":1696496038905,"number":3,"id":"20231005175328","location":"台湾付近","cancel":false,"final":false,"md5":""}
{"type":"eew-nied","time":1696495989000,"lon":121.8,"lat":24.6,"depth":20,"scale":4.7,"timestamp":1696496039201,"number":3,"id":"20231005175328","location":"台湾付近","cancel":false,"final":false,"md5":""}
{"type":"eew-jma","time":1696495989000,"lon":121.8,"lat":24.6,"depth":20,"scale":4.7,"timestamp":1696496039363,"number":3,"id":"20231005175328","location":"台湾付近","cancel":false,"final":false,"md5":""}
{"type":"eew-jma","time":1696492389000,"lon":121.8,"lat":24.6,"depth":20,"scale":4.7,"timestamp":1696496039407,"number":3,"id":"20231005175328","location":"台湾付近","cancel":false,"final":false,"md5":""}
{"type":"eew-nied","time":1696495989000,"lon":121.8,"lat":24.6,"depth":20,"scale":4.7,"timestamp":1696496040179,"number":3,"id":"20231005175328","location":"台湾付近","cancel":false,"final":false,"md5":""}
{"type":"eew-nied","time":1696495989000,"lon":121.8,"lat":24.6,"depth":20,"scale":4.7,"timestamp":1696496041910,"number":2,"id":"20231005175328","location":"台湾付近","cancel":false,"final":false,"md5":""}
{"type":"eew-nied","time":1696495989000,"lon":121.8,"lat":24.6,"depth":20,"scale":4.7,"timestamp":1696496042409,"number":2,"id":"20231005175328","location":"台湾付近","cancel":false,"final":false,"md5":""}
{"type":"eew-nied","time":1696495989000,"lon":121.8,"lat":24.6,"depth":20,"scale":4.7,"timestamp":1696496048905,"number":3,"id":"20231005175328","location":"台湾付近","cancel":false,"final":false,"md5":""}
{"type":"eew-nied","time":1696495989000,"lon":121.8,"lat":24.6,"depth":20,"scale":4.7,"timestamp":1696496049410,"number":3,"id":"20231005175328","location":"台湾付近","cancel":false,"final":false,"md5":""}
{"type":"eew-nied","time":1696495989000,"lon":121.8,"lat":24.6,"depth":20,"scale":4.9,"timestamp":1696496058379,"number":4,"id":"20231005175328","location":"台湾付近","cancel":false,"final":false,"md5":""}
{"type":"eew-nied","time":1696495989000,"lon":121.8,"lat":24.6,"depth":20,"scale":4.9,"timestamp":1696496058416,"number":4,"id":"20231005175328","location":"台湾付近","cancel":false,"final":false,"md5":""}
{"type":"eew-nied","time":1696495989000,"lon":121.8,"lat":24.6,"depth":20,"scale":4.9,"timestamp":1696496058909,"number":4,"id":"20231005175328","location":"台湾付近","cancel":false,"final":false,"md5":""}
{"type":"eew-jma","time":1696492389000,"lon":121.8,"lat":24.6,"depth":20,"scale":4.9,"timestamp":1696496058915,"number":4,"id":"20231005175328","location":"台湾付近","cancel":false,"final":false,"md5":""}
{"type":"eew-nied","time":1696495989000,"lon":121.8,"lat":24.6,"depth":20,"scale":4.9,"timestamp":1696496059196,"number":4,"id":"20231005175328","location":"台湾付近","cancel":false,"final":false,"md5":""}
{"type":"eew-jma","time":1696495989000,"lon":121.8,"lat":24.6,"depth":20,"scale":4.9,"timestamp":1696496059395,"number":4,"id":"20231005175328","location":"台湾付近","cancel":false,"final":false,"md5":""}
{"type":"eew-jma","time":1696492389000,"lon":121.8,"lat":24.6,"depth":20,"scale":4.9,"timestamp":1696496059418,"number":4,"id":"20231005175328","location":"台湾付近","cancel":false,"final":false,"md5":""}
{"type":"eew-nied","time":1696495989000,"lon":121.8,"lat":24.6,"depth":20,"scale":4.9,"timestamp":1696496078415,"number":5,"id":"20231005175328","location":"台湾付近","cancel":false,"final":false,"md5":""}
{"type":"eew-nied","time":1696495989000,"lon":121.8,"lat":24.6,"depth":20,"scale":4.9,"timestamp":1696496078428,"number":5,"id":"20231005175328","location":"台湾付近","cancel":false,"final":false,"md5":""}
{"type":"eew-nied","time":1696495989000,"lon":121.8,"lat":24.6,"depth":20,"scale":4.9,"timestamp":1696496078567,"number":5,"id":"20231005175328","location":"台湾付近","cancel":false,"final":false,"md5":""}
{"type":"eew-jma","time":1696492389000,"lon":121.8,"lat":24.6,"depth":20,"scale":4.9,"timestamp":1696496078919,"number":5,"id":"20231005175328","location":"台湾付近","cancel":false,"final":false,"md5":""}
{"type":"eew-nied","time":1696495989000,"lon":121.8,"lat":24.6,"depth":20,"scale":4.9,"timestamp":1696496078924,"number":5,"id":"20231005175328","location":"台湾付近","cancel":false,"final":false,"md5":""}
{"type":"eew-jma","time":1696495989000,"lon":121.8,"lat":24.6,"depth":20,"scale":4.9,"timestamp":1696496079405,"number":5,"id":"20231005175328","location":"台湾付近","cancel":false,"final":false,"md5":""}
{"type":"eew-jma","time":1696492389000,"lon":121.8,"lat":24.6,"depth":20,"scale":4.9,"timestamp":1696496079428,"number":5,"id":"20231005175328","location":"台湾付近","cancel":false,"final":false,"md5":""}
{"type":"eew-nied","time":1696495994000,"lon":122.3,"lat":24.8,"depth":20,"scale":4.3,"timestamp":1696496027155,"number":1,"id":"20231005175328","location":"台湾付近","cancel":false,"final":false,"md5":""}
{"type":"eew-nied","time":1696495989000,"lon":121.8,"lat":24.6,"depth":20,"scale":4.7,"timestamp":1696496030194,"number":2,"id":"20231005175328","location":"台湾付近","cancel":false,"final":false,"md5":""}
{"type":"eew-nied","time":1696495989000,"lon":121.8,"lat":24.6,"depth":20,"scale":4.9,"timestamp":1696496086504,"number":6,"id":"20231005175328","location":"台湾付近","cancel":false,"final":true,"md5":""}
{"type":"eew-nied","time":1696495989000,"lon":121.8,"lat":24.6,"depth":20,"scale":4.9,"timestamp":1696496086632,"number":6,"id":"20231005175328","location":"台湾付近","cancel":false,"final":true,"md5":""}
{"type":"eew-jma","time":1696492389000,"lon":121.8,"lat":24.6,"depth":20,"scale":4.9,"timestamp":1696496086925,"number":6,"id":"20231005175328","location":"台湾付近","cancel":false,"final":true,"md5":""}
{"type":"eew-nied","time":1696495989000,"lon":121.8,"lat":24.6,"depth":20,"scale":4.9,"timestamp":1696496086931,"number":6,"id":"20231005175328","location":"台湾付近","cancel":false,"final":true,"md5":""}
{"type":"eew-nied","time":1696495989000,"lon":121.8,"lat":24.6,"depth":20,"scale":4.9,"timestamp":1696496087205,"number":6,"id":"20231005175328","location":"台湾付近","cancel":false,"final":true,"md5":""}
{"type":"eew-jma","time":1696495989000,"lon":121.8,"lat":24.6,"depth":20,"scale":4.9,"timestamp":1696496087407,"number":6,"id":"20231005175328","location":"台湾付近","cancel":false,"final":true,"md5":""}
{"type":"eew-jma","time":1696492389000,"lon":121.8,"lat":24.6,"depth":20,"scale":4.9,"timestamp":1696496087506,"number":6,"id":"20231005175328","location":"台湾付近","cancel":false,"final":true,"md5":""}
{"type":"eew-nied","time":1696495989000,"lon":121.8,"lat":24.6,"depth":20,"scale":4.7,"timestamp":1696496036255,"number":3,"id":"20231005175328","location":"台湾付近","cancel":false,"final":false,"md5":""}
{"type":"eew-nied","time":1696495989000,"lon":121.8,"lat":24.6,"depth":20,"scale":4.9,"timestamp":1696496056487,"number":4,"id":"20231005175328","location":"台湾付近","cancel":false,"final":false,"md5":""}
{"type":"eew-nied","time":1696495989000,"lon":121.8,"lat":24.6,"depth":20,"scale":4.9,"timestamp":1696496076672,"number":5,"id":"20231005175328","location":"台湾付近","cancel":false,"final":false,"md5":""}
{"type":"eew-nied","time":1696495989000,"lon":121.8,"lat":24.6,"depth":20,"scale":4.9,"timestamp":1696496084737,"number":6,"id":"20231005175328","location":"台湾付近","cancel":false,"final":true,"md5":""}
{"type":"report","time":1696495996000,"lon":122.2,"lat":24.02,"depth":10,"scale":4.7,"timestamp":1696496265931,"id":112000,"location":"花蓮縣政府東方  59.4  公里 (位於臺灣東部海域)","max":2,"raw":{"identifier":"CWA-EQ112000-2023-1005-165316","earthquakeNo":112000,"epicenterLon":122.2,"epicenterLat":24.02,"location":"花蓮縣政府東方  59.4  公里 (位於臺灣東部海域)","depth":10,"magnitudeValue":4.7,"originTime":"2023/10/05 16:53:16","data":[{"areaName":"宜蘭縣","areaIntensity":2,"eqStation":[{"stationName":"武塔","stationLon":121.78,"stationLat":24.45,"distance":64.14,"stationIntensity":2},{"stationName":"澳花","stationLon":121.74,"stationLat":24.33,"distance":58.47,"stationIntensity":1},{"stationName":"南澳","stationLon":121.75,"stationLat":24.43,"distance":64.68,"stationIntensity":1},{"stationName":"冬山","stationLon":121.72,"stationLat":24.63,"distance":84.38,"stationIntensity":1},{"stationName":"宜蘭市","stationLon":121.76,"stationLat":24.76,"distance":94.41,"stationIntensity":1},{"stationName":"頭城","stationLon":121.83,"stationLat":24.85,"distance":100.21,"stationIntensity":1},{"stationName":"蘇澳","stationLon":121.86,"stationLat":24.61,"distance":74.25,"stationIntensity":1}]},{"areaName":"南投縣","areaIntensity":1,"eqStation":[{"stationName":"信義鄉","stationLon":120.85,"stationLat":23.7,"distance":142.02,"stationIntensity":1}]},{"areaName":"新北市","areaIntensity":1,"eqStation":[{"stationName":"五分山","stationLon":121.78,"stationLat":25.07,"distance":124.55,"stationIntensity":1},{"stationName":"汐止","stationLon":121.64,"stationLat":25.08,"distance":130.64,"stationIntensity":1}]},{"areaName":"臺東縣","areaIntensity":1,"eqStation":[{"stationName":"成功","stationLon":121.37,"stationLat":23.1,"distance":132.59,"stationIntensity":1}]},{"areaName":"花蓮縣","areaIntensity":1,"eqStation":[{"stationName":"鹽寮","stationLon":121.6,"stationLat":23.9,"distance":62.48,"stationIntensity":1},{"stationName":"銅門","stationLon":121.49,"stationLat":23.97,"distance":72.48,"stationIntensity":1},{"stationName":"西寶","stationLon":121.48,"stationLat":24.21,"distance":76.27,"stationIntensity":1},{"stationName":"和平","stationLon":121.75,"stationLat":24.31,"distance":56.33,"stationIntensity":1},{"stationName":"西林","stationLon":121.44,"stationLat":23.81,"distance":80.79,"stationIntensity":1}]}],"ID":["1120414","20231005175328"],"trem":["956"],"timestamp":1696496265931},"md5":""}
{"type":"pws","timestamp":1696496533017,"raw":{"id":"ardswc.gov.tw_debrisFlowLandSlide_20231005170002_F003","title":"土石流","sent":"2023-10-05CST17:01:00+08:00:00","expires":"2023-10-05CST18:00:00+08:00:00","sender":{"value":"農業部農村發展及水土保持署"},"status":"Actual","msgType":"Alert","eventCode":{"value":"debrisFlow"},"area":{"areaDesc":"高雄市桃源區","circle":"23.18835,120.78834 2.0"},"channel":{"value":"911"},"link":{"rel":"alternate","href":"https://cbs.tw/23103cb93f25"},"description":{"type":"html","$t":"[土石流及大規模崩塌警戒]高雄市桃源區勤和里(玉穗溪)1小時累積雨量已達0.5mm、3小時累積雨量已達8.5mm、24小時累積雨量已達85mm，請提高警覺，農業部關心您。[Warning]Large-scale landslide in this area. ARDSWC. TEL:0800_246_246"}},"md5":""}
{"type":"pws","timestamp":1696501104892,"raw":{"id":"ardswc.gov.tw_debrisFlowLandSlide_202310051830_U02004","title":"土石流","sent":"2023-10-05CST18:17:01+08:00:00","expires":"2023-10-06CST00:16:11+08:00:00","sender":{"value":"農業部農村發展及水土保持署"},"status":"Actual","msgType":"Alert","eventCode":{"value":"debrisFlow"},"area":{"areaDesc":"花蓮縣玉里鎮泰昌里","circle":"23.33529,121.30745 2.5"},"channel":{"value":"911"},"link":{"rel":"alternate","href":"https://cbs.tw/23103cb93f26"},"description":{"type":"html","$t":"[土石流及大規模崩塌警戒]花蓮縣玉里鎮泰昌里解除全部土石流及大規模崩塌警戒。"}},"md5":""}
{"type":"pws","timestamp":1696503616144,"raw":{"id":"A2023100518154413535176170","title":"水庫放流","sent":"2023-10-05CST19:00:03+08:00:00","expires":"2023-10-05CST19:20:00+08:00:00","sender":{"value":"台灣電力股份有限公司大觀發電廠"},"status":"Actual","msgType":"Alert","eventCode":{"value":"ReservoirDis"},"area":{"areaDesc":"發布區域1","polygon":"23.920264446183378,121.0604238217733 23.920107528602582,121.0604238217733 23.920107528602582,121.06025216039635 23.88181394349247,121.07741829809163 23.88212787143101,121.02694985326748 23.91963677471643,121.02454659399015 23.920264446183378,121.0604238217733"},"channel":{"value":"911"},"link":{"rel":"alternate","href":"https://cbs.tw/23103cb93f39"},"description":{"type":"html","$t":"[水庫放水警戒]武界壩 自2023年10月5日19時10分進行排洪，請濁水溪下游沿岸附近民眾加強注意並遠離河床，以策安全。（台電公司1911）。Taipower049-2774016大觀電廠關心您"}},"md5":""}
{"type":"pws","timestamp":1696504936793,"raw":{"id":"ardswc.gov.tw_debrisFlowLandSlide_20231005192003_F003","title":"土石流","sent":"2023-10-05CST19:21:00+08:00:00","expires":"2023-10-05CST20:20:00+08:00:00","sender":{"value":"農業部農村發展及水土保持署"},"status":"Actual","msgType":"Alert","eventCode":{"value":"debrisFlow"},"area":{"areaDesc":"高雄市桃源區","circle":"23.18835,120.78834 2.0"},"channel":{"value":"911"},"link":{"rel":"alternate","href":"https://cbs.tw/23103cb93f3a"},"description":{"type":"html","$t":"[土石流及大規模崩塌警戒]高雄市桃源區勤和里(玉穗溪)1小時累積雨量已達0mm、3小時累積雨量已達0.5mm、24小時累積雨量已達85mm，請提高警覺，農業部關心您。[Warning]Large-scale landslide in this area. ARDSWC. TEL:0800_246_246"}},"md5":""}
{"type":"test"}
{"type":"test"}
{"type":"test"}
{"type":"test"}
{"type":"test"}
{"type":"test"}
{"type":"test"}
{"type":"test"}
{"type":"test"}
{"type":"test"}
{"type":"test"}
{"type":"test"}
{"type":"test"}
{"type":"test"}
{"type":"test"}
{"type":"test"}
{"type":"test"}
{"type":"test"}
{"type":"test"}
{"type":"test"}
{"type":"test"}
{"type":"test"}
{"type":"test"}
{"type":"test"}
{"type":"test"}
{"type":"test"}
{"type":"test"}
{"type":"test"}
{"type":"test"}
{"type":"test"}
{"type":"test"}
{"type":"test"}
{"type":"test"}
{"type":"test"}
{"type":"test"}
{"type":"test"}
{"type":"test"}
{"type":"test"}
{"type":"test"}
{"type":"test"}
{"type":"test"}
{"type":"test"}
{"type":"test"}
{"type":"test"}
{"type":"test"}
{"type":"test"}
{"type":"test"}
{"type":"test"}
{"type":"test"}
{"type":"test"}
{"type":"test"}
{"type":"test"}
{"type":"test"}
{"type":"test"}
{"type":"test"}
{"type":"test"}
{"type":"test"}
{"type":"test"}
{"type":"test"}
{"type":"test"}
{"type":"test"}
{"type":"test"}
{"type":"test"}
{"type":"test"}
{"type":"test"}
{"type":"test"}
{"type":"test"}
{"type":"test"}
{"type":"test"}
{"type":"test"}
{"type":"test"}
{"type":"test"}
{"type":"test"}
{"type":"test"}
{"type":"test"}
{"type":"test"}
{"type":"test"}
{"type":"test"}
{"type":"test"}
{"type":"test"}
{"type":"test"}
{"type":"test"}
{"type":"test"}
{"type":"test"}
{"type":"test"}
{"type":"test"}
{"type":"test"}
{"type":"test"}
{"type":"test"}
{"type":"test"}
{"type":"test"}
{"type":"test"}
{"type":"eew-nied","time":1705943598000,"lon":136.7,"lat":37.2,"depth":10,"scale":4,"timestamp":1705943609385,"number":1,"id":"20240123021320","location":"石川県能登地方","cancel":false,"final":false,"md5":""}
{"type":"eew-nied","time":1705943598000,"lon":136.7,"lat":37.2,"depth":10,"scale":4,"timestamp":1705943609698,"number":1,"id":"20240123021320","location":"石川県能登地方","cancel":false,"final":false,"md5":""}
{"type":"eew-nied","time":1705943599000,"lon":136.7,"lat":37.2,"depth":10,"scale":4.4,"timestamp":1705943613701,"number":2,"id":"20240123021320","location":"石川県能登地方","cancel":false,"final":false,"md5":""}
{"type":"eew-nied","time":1705943599000,"lon":136.7,"lat":37.2,"depth":10,"scale":4.4,"timestamp":1705943614390,"number":2,"id":"20240123021320","location":"石川県能登地方","cancel":false,"final":false,"md5":""}
{"type":"eew-nied","time":1705943599000,"lon":136.7,"lat":37.2,"depth":10,"scale":4.4,"timestamp":1705943617392,"number":3,"id":"20240123021320","location":"石川県能登地方","cancel":false,"final":false,"md5":""}
{"type":"eew-nied","time":1705943599000,"lon":136.7,"lat":37.2,"depth":10,"scale":4.4,"timestamp":1705943617703,"number":3,"id":"20240123021320","location":"石川県能登地方","cancel":false,"final":false,"md5":""}
{"type":"eew-jma","time":1705943598000,"lon":136.7,"lat":37.2,"depth":10,"scale":4,"timestamp":1705943618512,"number":1,"id":"20240123021320","location":"石川県能登地方","cancel":false,"final":false,"md5":""}
{"type":"eew-jma","time":1705943598000,"lon":136.7,"lat":37.2,"depth":10,"scale":4,"timestamp":1705943618753,"number":1,"id":"20240123021320","location":"石川県能登地方","cancel":false,"final":false,"md5":""}
{"type":"eew-jma","time":1705943599000,"lon":136.7,"lat":37.2,"depth":10,"scale":4.4,"timestamp":1705943619512,"number":2,"id":"20240123021320","location":"石川県能登地方","cancel":false,"final":false,"md5":""}
{"type":"eew-jma","time":1705943599000,"lon":136.7,"lat":37.2,"depth":10,"scale":4.4,"timestamp":1705943619757,"number":2,"id":"20240123021320","location":"石川県能登地方","cancel":false,"final":false,"md5":""}
{"type":"eew-jma","time":1705943599000,"lon":136.7,"lat":37.2,"depth":10,"scale":4.4,"timestamp":1705943620513,"number":3,"id":"20240123021320","location":"石川県能登地方","cancel":false,"final":false,"md5":""}
{"type":"eew-jma","time":1705943599000,"lon":136.7,"lat":37.2,"depth":10,"scale":4.4,"timestamp":1705943620762,"number":3,"id":"20240123021320","location":"石川県能登地方","cancel":false,"final":false,"md5":""}
{"type":"eew-nied","time":1705943599000,"lon":136.7,"lat":37.2,"depth":10,"scale":4.2,"timestamp":1705943631402,"number":4,"id":"20240123021320","location":"石川県能登地方","cancel":false,"final":false,"md5":""}
{"type":"eew-nied","time":1705943599000,"lon":136.7,"lat":37.2,"depth":10,"scale":4.2,"timestamp":1705943631708,"number":4,"id":"20240123021320","location":"石川県能登地方","cancel":false,"final":false,"md5":""}
{"type":"eew-jma","time":1705943599000,"lon":136.7,"lat":37.2,"depth":10,"scale":4.2,"timestamp":1705943631761,"number":4,"id":"20240123021320","location":"石川県能登地方","cancel":false,"final":false,"md5":""}
{"type":"eew-jma","time":1705943599000,"lon":136.7,"lat":37.2,"depth":10,"scale":4.2,"timestamp":1705943632521,"number":4,"id":"20240123021320","location":"石川県能登地方","cancel":false,"final":false,"md5":""}
{"type":"eew-nied","time":1705943599000,"lon":136.7,"lat":37.2,"depth":10,"scale":4.1,"timestamp":1705943646409,"number":5,"id":"20240123021320","location":"石川県能登地方","cancel":false,"final":true,"md5":""}
{"type":"eew-nied","time":1705943599000,"lon":136.7,"lat":37.2,"depth":10,"scale":4.1,"timestamp":1705943646713,"number":5,"id":"20240123021320","location":"石川県能登地方","cancel":false,"final":true,"md5":""}
{"type":"eew-jma","time":1705943599000,"lon":136.7,"lat":37.2,"depth":10,"scale":4.1,"timestamp":1705943646772,"number":5,"id":"20240123021320","location":"石川県能登地方","cancel":false,"final":true,"md5":""}
{"type":"eew-jma","time":1705943599000,"lon":136.7,"lat":37.2,"depth":10,"scale":4.1,"timestamp":1705943647527,"number":5,"id":"20240123021320","location":"石川県能登地方","cancel":false,"final":true,"md5":""}
{"type":"eew-nied","time":1705967141000,"lon":135.7,"lat":34.3,"depth":70,"scale":3.5,"timestamp":1705967159812,"number":1,"id":"20240123084551","location":"奈良県","cancel":false,"final":false,"md5":""}
{"type":"eew-nied","time":1705967141000,"lon":135.7,"lat":34.3,"depth":70,"scale":3.5,"timestamp":1705967159985,"number":1,"id":"20240123084551","location":"奈良県","cancel":false,"final":false,"md5":""}
{"type":"eew-jma","time":1705967141000,"lon":135.7,"lat":34.3,"depth":70,"scale":3.5,"timestamp":1705967161997,"number":1,"id":"20240123084551","location":"奈良県","cancel":false,"final":false,"md5":""}
{"type":"eew-jma","time":1705967141000,"lon":135.7,"lat":34.3,"depth":70,"scale":3.5,"timestamp":1705967162011,"number":1,"id":"20240123084551","location":"奈良県","cancel":false,"final":false,"md5":""}
{"type":"eew-jma","time":1705967141000,"lon":135.7,"lat":34.3,"depth":70,"scale":3.7,"timestamp":1705967162989,"number":2,"id":"20240123084551","location":"奈良県","cancel":false,"final":false,"md5":""}
{"type":"eew-jma","time":1705967141000,"lon":135.7,"lat":34.3,"depth":70,"scale":3.7,"timestamp":1705967163011,"number":2,"id":"20240123084551","location":"奈良県","cancel":false,"final":false,"md5":""}
{"type":"eew-nied","time":1705967141000,"lon":135.7,"lat":34.3,"depth":70,"scale":3.7,"timestamp":1705967167819,"number":2,"id":"20240123084551","location":"奈良県","cancel":false,"final":false,"md5":""}
{"type":"eew-nied","time":1705967141000,"lon":135.7,"lat":34.3,"depth":70,"scale":3.7,"timestamp":1705967167991,"number":2,"id":"20240123084551","location":"奈良県","cancel":false,"final":false,"md5":""}
{"type":"eew-nied","time":1705967140000,"lon":135.7,"lat":34.3,"depth":80,"scale":3.8,"timestamp":1705967182829,"number":3,"id":"20240123084551","location":"奈良県","cancel":false,"final":false,"md5":""}
{"type":"eew-nied","time":1705967140000,"lon":135.7,"lat":34.3,"depth":80,"scale":3.8,"timestamp":1705967183003,"number":3,"id":"20240123084551","location":"奈良県","cancel":false,"final":false,"md5":""}
{"type":"eew-jma","time":1705967140000,"lon":135.7,"lat":34.3,"depth":80,"scale":3.8,"timestamp":1705967183008,"number":3,"id":"20240123084551","location":"奈良県","cancel":false,"final":false,"md5":""}
{"type":"eew-jma","time":1705967140000,"lon":135.7,"lat":34.3,"depth":80,"scale":3.8,"timestamp":1705967183025,"number":3,"id":"20240123084551","location":"奈良県","cancel":false,"final":false,"md5":""}
{"type":"eew-nied","time":1705967140000,"lon":135.7,"lat":34.3,"depth":80,"scale":3.8,"timestamp":1705967192008,"number":4,"id":"20240123084551","location":"奈良県","cancel":false,"final":true,"md5":""}
{"type":"eew-nied","time":1705967140000,"lon":135.7,"lat":34.3,"depth":80,"scale":3.8,"timestamp":1705967192834,"number":4,"id":"20240123084551","location":"奈良県","cancel":false,"final":true,"md5":""}
{"type":"eew-jma","time":1705967140000,"lon":135.7,"lat":34.3,"depth":80,"scale":3.8,"timestamp":1705967193014,"number":4,"id":"20240123084551","location":"奈良県","cancel":false,"final":true,"md5":""}
{"type":"eew-jma","time":1705967140000,"lon":135.7,"lat":34.3,"depth":80,"scale":3.8,"timestamp":1705967193038,"number":4,"id":"20240123084551","location":"奈良県","cancel":false,"final":true,"md5":""}
{"type":"test"}
{"type":"test"}
{"type":"test"}
{"type":"test"}
{"type":"test"}
{"type":"test"}
{"type":"test"}
{"type":"test"}
{"type":"test"}
{"type":"test"}
{"type":"test"}
{"type":"test"}
{"type":"test"}
{"type":"test"}
{"type":"test"}
{"type":"test"}
{"type":"test"}
{"type":"test"}
{"type":"test"}
{"type":"test"}
{"type":"test"}
{"type":"test"}
{"type":"test"}
{"type":"test"}
{"type":"test"}
{"type":"test"}
{"type":"test"}
{"type":"test"}
{"type":"test"}
{"type":"test"}
{"type":"test"}
{"type":"test"}
{"type":"test"}
{"type":"test"}
{"type":"test"}
{"type":"test"}
{"type":"test"}
{"type":"test"}
{"type":"test"}
{"type":"test"}
{"type":"test"}
{"type":"test"}
{"type":"test"}
{"type":"test"}
{"type":"test"}
{"type":"test"}
{"type":"test"}
{"type":"test"}
{"type":"test"}
{"type":"test"}
{"type":"test"}
{"type":"test"}
{"type":"test"}
{"type":"test"}
{"type":"test"}
{"type":"test"}
{"type":"test"}
{"type":"test"}
{"type":"test"}
{"type":"test"}
{"type":"test"}
{"type":"test"}
{"type":"test"}
{"type":"test"}
{"type":"test"}
{"type":"test"}
{"type":"test"}
{"type":"test"}
{"type":"test"}
{"type":"test"}
{"type":"test"}
{"type":"test"}
{"type":"test"}
{"type":"test"}
{"type":"test"}
{"type":"test"}
{"type":"test"}
{"type":"test"}
{"type":"test"}
{"type":"test"}
{"type":"test"}
{"type":"test"}
{"type":"test"}
{"type":"test"}
{"type":"test"}
{"type":"test"}
{"type":"test"}
{"type":"test"}
{"type":"test"}
{"type":"test"}
{"type":"test"}
{"type":"test"}
{"type":"test"}
{"type":"test"}
{"type":"test"}
{"type":"test"}
{"type":"test"}
{"type":"test"}
{"type":"test"}
{"type":"test"}
{"type":"test"}
{"type":"test"}
{"type":"test"}
{"type":"test"}
{"type":"test"}
